AndroidWear/JumpingJack-Sample/Wearable/build/outputs/logs/manifest-merger-debug-report.txt
-- Merging decision tree log ---
manifest
ADDED from src/main/AndroidManifest.xml:17:1-42:12
	package
		ADDED from src/main/AndroidManifest.xml:18:11-61
	android:versionName
		INJECTED from src/main/AndroidManifest.xml
		INJECTED from src/main/AndroidManifest.xml
	xmlns:android
		ADDED from src/main/AndroidManifest.xml:17:11-69
	android:versionCode
		INJECTED from src/main/AndroidManifest.xml
		INJECTED from src/main/AndroidManifest.xml
uses-sdk
ADDED from src/main/AndroidManifest.xml:20:4-21:46
MERGED from [com.google.android.gms:play-services-wearable:8.4.0] AndroidManifest.xml:18:5-42
MERGED from [com.google.android.gms:play-services-base:8.4.0] AndroidManifest.xml:18:5-42
MERGED from [com.google.android.gms:play-services-basement:8.4.0] AndroidManifest.xml:18:5-42
MERGED from [com.android.support:support-v4:23.3.0] AndroidManifest.xml:20:5-43
MERGED from [com.android.support:support-v13:23.3.0] AndroidManifest.xml:20:5-44
MERGED from [com.android.support:support-v4:23.3.0] AndroidManifest.xml:20:5-43
MERGED from [com.google.android.support:wearable:1.4.0] AndroidManifest.xml:4:5-6:41
MERGED from [com.android.support:support-v4:23.3.0] AndroidManifest.xml:20:5-43
MERGED from [com.android.support:recyclerview-v7:23.0.1] AndroidManifest.xml:20:5-43
MERGED from [com.android.support:support-v4:23.3.0] AndroidManifest.xml:20:5-43
	android:targetSdkVersion
		ADDED from src/main/AndroidManifest.xml:21:14-43
		INJECTED from src/main/AndroidManifest.xml
		INJECTED from src/main/AndroidManifest.xml
	android:minSdkVersion
		ADDED from src/main/AndroidManifest.xml:20:14-40
		INJECTED from src/main/AndroidManifest.xml
		INJECTED from src/main/AndroidManifest.xml
uses-feature#android.hardware.type.watch
ADDED from src/main/AndroidManifest.xml:23:5-64
	android:name
		ADDED from src/main/AndroidManifest.xml:23:19-61
uses-permission#android.permission.VIBRATE
ADDED from src/main/AndroidManifest.xml:25:5-65
	android:name
		ADDED from src/main/AndroidManifest.xml:25:22-63
application
ADDED from src/main/AndroidManifest.xml:27:5-40:19
MERGED from [com.google.android.gms:play-services-wearable:8.4.0] AndroidManifest.xml:19:5-20
MERGED from [com.google.android.gms:play-services-basement:8.4.0] AndroidManifest.xml:20:5-24:19
MERGED from [com.android.support:support-v4:23.3.0] AndroidManifest.xml:22:5-20
MERGED from [com.android.support:support-v13:23.3.0] AndroidManifest.xml:22:5-20
MERGED from [com.android.support:support-v4:23.3.0] AndroidManifest.xml:22:5-20
MERGED from [com.google.android.support:wearable:1.4.0] AndroidManifest.xml:8:5-20
MERGED from [com.android.support:support-v4:23.3.0] AndroidManifest.xml:22:5-20
MERGED from [com.android.support:support-v4:23.3.0] AndroidManifest.xml:22:5-20
	android:label
		ADDED from src/main/AndroidManifest.xml:30:13-45
	android:allowBackup
		ADDED from src/main/AndroidManifest.xml:28:13-39
	android:icon
		ADDED from src/main/AndroidManifest.xml:29:13-49
	android:theme
		ADDED from src/main/AndroidManifest.xml:31:13-69
activity#com.example.android.wearable.jumpingjack.MainActivity
ADDED from src/main/AndroidManifest.xml:32:9-39:20
	android:label
		ADDED from src/main/AndroidManifest.xml:34:17-49
	android:name
		ADDED from src/main/AndroidManifest.xml:33:17-45
intent-filter#android.intent.action.MAIN+android.intent.category.LAUNCHER
ADDED from src/main/AndroidManifest.xml:35:13-38:29
action#android.intent.action.MAIN
ADDED from src/main/AndroidManifest.xml:36:17-68
	android:name
		ADDED from src/main/AndroidManifest.xml:36:25-66
category#android.intent.category.LAUNCHER
ADDED from src/main/AndroidManifest.xml:37:17-76
	android:name
		ADDED from src/main/AndroidManifest.xml:37:27-74
meta-data#com.google.android.gms.version
ADDED from [com.google.android.gms:play-services-basement:8.4.0] AndroidManifest.xml:21:9-23:69
	android:value
		ADDED from [com.google.android.gms:play-services-basement:8.4.0] AndroidManifest.xml:23:13-66
	android:name
		ADDED from [com.google.android.gms:play-services-basement:8.4.0] AndroidManifest.xml:22:13-58